<?xml version="1.0" encoding="UTF-8"?>
<!-- Generated by org.testng.reporters.JUnitReportReporter -->
<testsuite skipped="0" hostname="DESKTOP-17JJ3GD" name="TestCasefailedSuite.runner" tests="1" failures="0" timestamp="30 Sep 2020 05:29:21 GMT" time="50.020" errors="0">
  <testcase name="FailedTest" time="50.020" classname="TestCasefailedSuite.runner"/>
</testsuite> <!-- TestCasefailedSuite.runner -->
