<?xml version="1.0" encoding="UTF-8"?>
<!-- Generated by org.testng.reporters.JUnitReportReporter -->
<testsuite skipped="0" hostname="DESKTOP-17JJ3GD" name="com.Redbus.TestCases.TestCasesWithoutFramework" tests="1" failures="0" timestamp="17 Sep 2020 11:17:55 GMT" time="30.219" errors="0">
  <testcase name="test1" time="30.219" classname="com.Redbus.TestCases.TestCasesWithoutFramework"/>
</testsuite> <!-- com.Redbus.TestCases.TestCasesWithoutFramework -->
